<?xml version="1.0" encoding="UTF-8"?>
<testng-results skipped="0" failed="0" ignored="0" total="5" passed="5">
  <reporter-output>
    <line>
      <![CDATA[<div style="display:block;margin-left:10px;"><div  class="teststeppass"><span class="teststeppass-label">T </span>get 'https://www.food.com/'</div><div  class="teststeppass"><span class="teststeppass-label">T </span>assert 'serve.search' attribute 'innerHTML' value is '-50'</div><div style="display:block;margin-left:10px;"><div  class="pass"><span class="pass-label">P </span>Expected By.xpath: /html/body/div[2]/div/div/div[2]/div/div/div[11]/div[1]/div/div[1]/div[2]/a attribute should be -50 : Actual By.xpath: /html/body/div[2]/div/div/div[2]/div/div/div[11]/div[1]/div/div[1]/div[2]/a attribute is -50 <a href="img/TestServeSearch_1n4u631nk7fec16918.png" target="_blank">[View Screenshot]</a> </div></div><div  class="teststeppass"><span class="teststeppass-label">T </span>assert 'ingredient.search' attribute 'innerHTML' value is not '5'</div><div style="display:block;margin-left:10px;"><div  class="pass"><span class="pass-label">P </span>Expected By.className: recipe-ingredients__ingredient-quantity attribute should not be 5 : Actual By.className: recipe-ingredients__ingredient-quantity attribute is  <a href="img/TestServeSearch_kkokuuu251z616919.png" target="_blank">[View Screenshot]</a> </div></div></div>]]>
    </line>
    <line>
      <![CDATA[<div style="display:block;margin-left:10px;"><div  class="teststeppass"><span class="teststeppass-label">T </span>get 'https://www.food.com/'</div><div  class="teststeppass"><span class="teststeppass-label">T </span>assert 'message_recipe.search' attribute 'innerHTML' value is 'Bad Request'</div><div style="display:block;margin-left:10px;"><div  class="pass"><span class="pass-label">P </span>Expected By.xpath: /html/body/h1 attribute should be Bad Request : Actual By.xpath: /html/body/h1 attribute is Bad Request <a href="img/TestSearchBoxSearch_5edb5n6q2qsc16920.png" target="_blank">[View Screenshot]</a> </div></div></div>]]>
    </line>
    <line>
      <![CDATA[<div style="display:block;margin-left:10px;"><div  class="teststeppass"><span class="teststeppass-label">T </span>get 'https://www.food.com/'</div><div  class="teststeppass"><span class="teststeppass-label">T </span>assert 'title.search' attribute 'innerHTML' value is 'Best Banana Bread'</div><div style="display:block;margin-left:10px;"><div  class="pass"><span class="pass-label">P </span>Expected By.xpath: /html/body/div[2]/div/div/div[2]/div/div/div[4]/div/h1 attribute should be Best Banana Bread : Actual By.xpath: /html/body/div[2]/div/div/div[2]/div/div/div[4]/div/h1 attribute is Best Banana Bread <a href="img/TestRecipeSearch_1rrud4q05o2e16921.png" target="_blank">[View Screenshot]</a> </div></div><div  class="teststeppass"><span class="teststeppass-label">T </span>assert 'notes.search' attribute 'innerHTML' value is 'MY PRIVATE NOTES'</div><div style="display:block;margin-left:10px;"><div  class="pass"><span class="pass-label">P </span>Expected By.xpath: /html/body/div[2]/div/div/div[2]/div/div/div[13]/div[3]/div/div[1]/h4 attribute should be MY PRIVATE NOTES : Actual By.xpath: /html/body/div[2]/div/div/div[2]/div/div/div[13]/div[3]/div/div[1]/h4 attribute is MY PRIVATE NOTES <a href="img/TestRecipeSearch_f4v9d9dg0o1z16922.png" target="_blank">[View Screenshot]</a> </div></div></div>]]>
    </line>
    <line>
      <![CDATA[<div style="display:block;margin-left:10px;"><div  class="teststeppass"><span class="teststeppass-label">T </span>get 'https://www.food.com/'</div><div  class="teststeppass"><span class="teststeppass-label">T </span>assert 'trending_value.search' attribute 'innerHTML' value is 'Trending'</div><div style="display:block;margin-left:10px;"><div  class="pass"><span class="pass-label">P </span>Expected By.xpath: /html/body/div[3]/div[1]/div[3]/div[1]/div/label attribute should be Trending : Actual By.xpath: /html/body/div[3]/div[1]/div[3]/div[1]/div/label attribute is Trending <a href="img/TestRecipeDropdownSearch_41oy01xb2ouj16923.png" target="_blank">[View Screenshot]</a> </div></div></div>]]>
    </line>
    <line>
      <![CDATA[<div style="display:block;margin-left:10px;"><div  class="teststeppass"><span class="teststeppass-label">T </span>get 'https://www.food.com/'</div><div  class="teststeppass"><span class="teststeppass-label">T </span>assert 'recipe_day_main_page_title.search' attribute 'innerHTML' value is 'Mexican Meatball Soup'</div><div style="display:block;margin-left:10px;"><div  class="pass"><span class="pass-label">P </span>Expected By.xpath: /html/body/div[3]/div[1]/header/div[2]/div/div[1]/div/div[3]/div/h2/a attribute should be Mexican Meatball Soup : Actual By.xpath: /html/body/div[3]/div[1]/header/div[2]/div/div[1]/div/div[3]/div/h2/a attribute is Mexican Meatball Soup <a href="img/TestRecipeDaySearch_2xetn2bc3tsf16924.png" target="_blank">[View Screenshot]</a> </div></div><div  class="teststeppass"><span class="teststeppass-label">T </span>assert 'share.search' is not visible</div><div style="display:block;margin-left:10px;"><div  class="pass"><span class="pass-label">P </span>Expected By.xpath: /html/body/div[3]/div[1]/header/div[2]/div/div[1]/div/div[4]/a not visible : Actual By.xpath: /html/body/div[3]/div[1]/header/div[2]/div/div[1]/div/div[4]/a not visible <a href="img/TestRecipeDaySearch_4slswoxkbsng16925.png" target="_blank">[View Screenshot]</a> </div></div><div  class="teststeppass"><span class="teststeppass-label">T </span>mouse move on 'mouse_over_recipe.search'</div><div  class="teststeppass"><span class="teststeppass-label">T </span>assert 'recipe_day_title.search' attribute 'innerHTML' value is '70 Regional Mexican Foods to Make at Home'</div><div style="display:block;margin-left:10px;"><div  class="pass"><span class="pass-label">P </span>Expected By.xpath: /html/body/div[3]/div[1]/div[3]/article/header/div[1]/div/div[2]/h1 attribute should be 70 Regional Mexican Foods to Make at Home : Actual By.xpath: /html/body/div[3]/div[1]/div[3]/article/header/div[1]/div/div[2]/h1 attribute is 70 Regional Mexican Foods to Make at Home <a href="img/TestRecipeDaySearch_1dpm1sea0sbwh16926.png" target="_blank">[View Screenshot]</a> </div></div></div>]]>
    </line>
  </reporter-output>
  <suite name="Default suite" duration-ms="56356" started-at="2020-05-03T03:19:20Z" finished-at="2020-05-03T03:20:16Z">
    <groups>
    </groups>
    <test name="Default test" duration-ms="56356" started-at="2020-05-03T03:19:20Z" finished-at="2020-05-03T03:20:16Z">
      <class name="qaf.example.tests.RecipeTest">
        <test-method status="PASS" signature="setupSuit(org.testng.ITestContext)[pri:0, instance:qaf.example.tests.RecipeTest@5158b42f]" name="setupSuit" is-config="true" duration-ms="22" started-at="2020-05-02T20:19:20Z" finished-at="2020-05-02T20:19:20Z">
          <params>
            <param index="0">
              <value>
                <![CDATA[org.testng.TestRunner@6236eb5f]]>
              </value>
            </param>
          </params>
          <reporter-output>
          </reporter-output>
        </test-method> <!-- setupSuit -->
        <test-method status="PASS" signature="setupTest(org.testng.ITestContext)[pri:0, instance:qaf.example.tests.RecipeTest@5158b42f]" name="setupTest" is-config="true" duration-ms="1" started-at="2020-05-02T20:19:20Z" finished-at="2020-05-02T20:19:20Z">
          <params>
            <param index="0">
              <value>
                <![CDATA[org.testng.TestRunner@6236eb5f]]>
              </value>
            </param>
          </params>
          <reporter-output>
          </reporter-output>
        </test-method> <!-- setupTest -->
        <test-method status="PASS" signature="setup(org.testng.ITestContext)[pri:0, instance:qaf.example.tests.RecipeTest@5158b42f]" name="setup" is-config="true" duration-ms="0" started-at="2020-05-02T20:19:20Z" finished-at="2020-05-02T20:19:20Z">
          <params>
            <param index="0">
              <value>
                <![CDATA[org.testng.TestRunner@6236eb5f]]>
              </value>
            </param>
          </params>
          <reporter-output>
          </reporter-output>
        </test-method> <!-- setup -->
        <test-method status="PASS" signature="setupMethod(java.lang.reflect.Method, org.testng.ITestContext)[pri:0, instance:qaf.example.tests.RecipeTest@5158b42f]" name="setupMethod" is-config="true" duration-ms="1" started-at="2020-05-02T20:19:20Z" finished-at="2020-05-02T20:19:20Z">
          <params>
            <param index="0">
              <value>
                <![CDATA[public void qaf.example.tests.RecipeTest.testServeSearch()]]>
              </value>
            </param>
            <param index="1">
              <value>
                <![CDATA[org.testng.TestRunner@6236eb5f]]>
              </value>
            </param>
          </params>
          <reporter-output>
          </reporter-output>
        </test-method> <!-- setupMethod -->
        <test-method status="PASS" signature="testServeSearch()[pri:0, instance:qaf.example.tests.RecipeTest@5158b42f]" name="testServeSearch" duration-ms="22749" started-at="2020-05-02T20:19:20Z" finished-at="2020-05-02T20:19:42Z">
          <reporter-output>
            <line>
              <![CDATA[<div style="display:block;margin-left:10px;"><div  class="teststeppass"><span class="teststeppass-label">T </span>get 'https://www.food.com/'</div><div  class="teststeppass"><span class="teststeppass-label">T </span>assert 'serve.search' attribute 'innerHTML' value is '-50'</div><div style="display:block;margin-left:10px;"><div  class="pass"><span class="pass-label">P </span>Expected By.xpath: /html/body/div[2]/div/div/div[2]/div/div/div[11]/div[1]/div/div[1]/div[2]/a attribute should be -50 : Actual By.xpath: /html/body/div[2]/div/div/div[2]/div/div/div[11]/div[1]/div/div[1]/div[2]/a attribute is -50 <a href="img/TestServeSearch_1n4u631nk7fec16918.png" target="_blank">[View Screenshot]</a> </div></div><div  class="teststeppass"><span class="teststeppass-label">T </span>assert 'ingredient.search' attribute 'innerHTML' value is not '5'</div><div style="display:block;margin-left:10px;"><div  class="pass"><span class="pass-label">P </span>Expected By.className: recipe-ingredients__ingredient-quantity attribute should not be 5 : Actual By.className: recipe-ingredients__ingredient-quantity attribute is  <a href="img/TestServeSearch_kkokuuu251z616919.png" target="_blank">[View Screenshot]</a> </div></div></div>]]>
            </line>
          </reporter-output>
        </test-method> <!-- testServeSearch -->
        <test-method status="PASS" signature="afterMethod(org.testng.ITestContext, org.testng.ITestResult)[pri:0, instance:qaf.example.tests.RecipeTest@5158b42f]" name="afterMethod" is-config="true" duration-ms="1" started-at="2020-05-02T20:19:42Z" finished-at="2020-05-02T20:19:42Z">
          <params>
            <param index="0">
              <value>
                <![CDATA[org.testng.TestRunner@6236eb5f]]>
              </value>
            </param>
            <param index="1">
              <value>
                <![CDATA[[TestResult name=testServeSearch status=SUCCESS method=RecipeTest.testServeSearch()[pri:0, instance:qaf.example.tests.RecipeTest@5158b42f] output=<div style="display:block;margin-left:10px;"><div  class="teststeppass"><span class="teststeppass-label">T </span>get 'https://www.food.com/'</div><div  class="teststeppass"><span class="teststeppass-label">T </span>assert 'serve.search' attribute 'innerHTML' value is '-50'</div><div style="display:block;margin-left:10px;"><div  class="pass"><span class="pass-label">P </span>Expected By.xpath: /html/body/div[2]/div/div/div[2]/div/div/div[11]/div[1]/div/div[1]/div[2]/a attribute should be -50 : Actual By.xpath: /html/body/div[2]/div/div/div[2]/div/div/div[11]/div[1]/div/div[1]/div[2]/a attribute is -50 <a href="img/TestServeSearch_1n4u631nk7fec16918.png" target="_blank">[View Screenshot]</a> </div></div><div  class="teststeppass"><span class="teststeppass-label">T </span>assert 'ingredient.search' attribute 'innerHTML' value is not '5'</div><div style="display:block;margin-left:10px;"><div  class="pass"><span class="pass-label">P </span>Expected By.className: recipe-ingredients__ingredient-quantity attribute should not be 5 : Actual By.className: recipe-ingredients__ingredient-quantity attribute is  <a href="img/TestServeSearch_kkokuuu251z616919.png" target="_blank">[View Screenshot]</a> </div></div></div>]]]>
              </value>
            </param>
          </params>
          <reporter-output>
          </reporter-output>
        </test-method> <!-- afterMethod -->
        <test-method status="PASS" signature="setupMethod(java.lang.reflect.Method, org.testng.ITestContext)[pri:0, instance:qaf.example.tests.RecipeTest@5158b42f]" name="setupMethod" is-config="true" duration-ms="1" started-at="2020-05-02T20:19:42Z" finished-at="2020-05-02T20:19:42Z">
          <params>
            <param index="0">
              <value>
                <![CDATA[public void qaf.example.tests.RecipeTest.testSearchBoxSearch()]]>
              </value>
            </param>
            <param index="1">
              <value>
                <![CDATA[org.testng.TestRunner@6236eb5f]]>
              </value>
            </param>
          </params>
          <reporter-output>
          </reporter-output>
        </test-method> <!-- setupMethod -->
        <test-method status="PASS" signature="testSearchBoxSearch()[pri:0, instance:qaf.example.tests.RecipeTest@5158b42f]" name="testSearchBoxSearch" duration-ms="4970" started-at="2020-05-02T20:19:42Z" finished-at="2020-05-02T20:19:47Z">
          <reporter-output>
            <line>
              <![CDATA[<div style="display:block;margin-left:10px;"><div  class="teststeppass"><span class="teststeppass-label">T </span>get 'https://www.food.com/'</div><div  class="teststeppass"><span class="teststeppass-label">T </span>assert 'message_recipe.search' attribute 'innerHTML' value is 'Bad Request'</div><div style="display:block;margin-left:10px;"><div  class="pass"><span class="pass-label">P </span>Expected By.xpath: /html/body/h1 attribute should be Bad Request : Actual By.xpath: /html/body/h1 attribute is Bad Request <a href="img/TestSearchBoxSearch_5edb5n6q2qsc16920.png" target="_blank">[View Screenshot]</a> </div></div></div>]]>
            </line>
          </reporter-output>
        </test-method> <!-- testSearchBoxSearch -->
        <test-method status="PASS" signature="afterMethod(org.testng.ITestContext, org.testng.ITestResult)[pri:0, instance:qaf.example.tests.RecipeTest@5158b42f]" name="afterMethod" is-config="true" duration-ms="1" started-at="2020-05-02T20:19:47Z" finished-at="2020-05-02T20:19:47Z">
          <params>
            <param index="0">
              <value>
                <![CDATA[org.testng.TestRunner@6236eb5f]]>
              </value>
            </param>
            <param index="1">
              <value>
                <![CDATA[[TestResult name=testSearchBoxSearch status=SUCCESS method=RecipeTest.testSearchBoxSearch()[pri:0, instance:qaf.example.tests.RecipeTest@5158b42f] output=<div style="display:block;margin-left:10px;"><div  class="teststeppass"><span class="teststeppass-label">T </span>get 'https://www.food.com/'</div><div  class="teststeppass"><span class="teststeppass-label">T </span>assert 'message_recipe.search' attribute 'innerHTML' value is 'Bad Request'</div><div style="display:block;margin-left:10px;"><div  class="pass"><span class="pass-label">P </span>Expected By.xpath: /html/body/h1 attribute should be Bad Request : Actual By.xpath: /html/body/h1 attribute is Bad Request <a href="img/TestSearchBoxSearch_5edb5n6q2qsc16920.png" target="_blank">[View Screenshot]</a> </div></div></div>]]]>
              </value>
            </param>
          </params>
          <reporter-output>
          </reporter-output>
        </test-method> <!-- afterMethod -->
        <test-method status="PASS" signature="setupMethod(java.lang.reflect.Method, org.testng.ITestContext)[pri:0, instance:qaf.example.tests.RecipeTest@5158b42f]" name="setupMethod" is-config="true" duration-ms="0" started-at="2020-05-02T20:19:47Z" finished-at="2020-05-02T20:19:47Z">
          <params>
            <param index="0">
              <value>
                <![CDATA[public void qaf.example.tests.RecipeTest.testRecipeSearch()]]>
              </value>
            </param>
            <param index="1">
              <value>
                <![CDATA[org.testng.TestRunner@6236eb5f]]>
              </value>
            </param>
          </params>
          <reporter-output>
          </reporter-output>
        </test-method> <!-- setupMethod -->
        <test-method status="PASS" signature="testRecipeSearch()[pri:0, instance:qaf.example.tests.RecipeTest@5158b42f]" name="testRecipeSearch" duration-ms="10191" started-at="2020-05-02T20:19:47Z" finished-at="2020-05-02T20:19:58Z">
          <reporter-output>
            <line>
              <![CDATA[<div style="display:block;margin-left:10px;"><div  class="teststeppass"><span class="teststeppass-label">T </span>get 'https://www.food.com/'</div><div  class="teststeppass"><span class="teststeppass-label">T </span>assert 'title.search' attribute 'innerHTML' value is 'Best Banana Bread'</div><div style="display:block;margin-left:10px;"><div  class="pass"><span class="pass-label">P </span>Expected By.xpath: /html/body/div[2]/div/div/div[2]/div/div/div[4]/div/h1 attribute should be Best Banana Bread : Actual By.xpath: /html/body/div[2]/div/div/div[2]/div/div/div[4]/div/h1 attribute is Best Banana Bread <a href="img/TestRecipeSearch_1rrud4q05o2e16921.png" target="_blank">[View Screenshot]</a> </div></div><div  class="teststeppass"><span class="teststeppass-label">T </span>assert 'notes.search' attribute 'innerHTML' value is 'MY PRIVATE NOTES'</div><div style="display:block;margin-left:10px;"><div  class="pass"><span class="pass-label">P </span>Expected By.xpath: /html/body/div[2]/div/div/div[2]/div/div/div[13]/div[3]/div/div[1]/h4 attribute should be MY PRIVATE NOTES : Actual By.xpath: /html/body/div[2]/div/div/div[2]/div/div/div[13]/div[3]/div/div[1]/h4 attribute is MY PRIVATE NOTES <a href="img/TestRecipeSearch_f4v9d9dg0o1z16922.png" target="_blank">[View Screenshot]</a> </div></div></div>]]>
            </line>
          </reporter-output>
        </test-method> <!-- testRecipeSearch -->
        <test-method status="PASS" signature="afterMethod(org.testng.ITestContext, org.testng.ITestResult)[pri:0, instance:qaf.example.tests.RecipeTest@5158b42f]" name="afterMethod" is-config="true" duration-ms="0" started-at="2020-05-02T20:19:58Z" finished-at="2020-05-02T20:19:58Z">
          <params>
            <param index="0">
              <value>
                <![CDATA[org.testng.TestRunner@6236eb5f]]>
              </value>
            </param>
            <param index="1">
              <value>
                <![CDATA[[TestResult name=testRecipeSearch status=SUCCESS method=RecipeTest.testRecipeSearch()[pri:0, instance:qaf.example.tests.RecipeTest@5158b42f] output=<div style="display:block;margin-left:10px;"><div  class="teststeppass"><span class="teststeppass-label">T </span>get 'https://www.food.com/'</div><div  class="teststeppass"><span class="teststeppass-label">T </span>assert 'title.search' attribute 'innerHTML' value is 'Best Banana Bread'</div><div style="display:block;margin-left:10px;"><div  class="pass"><span class="pass-label">P </span>Expected By.xpath: /html/body/div[2]/div/div/div[2]/div/div/div[4]/div/h1 attribute should be Best Banana Bread : Actual By.xpath: /html/body/div[2]/div/div/div[2]/div/div/div[4]/div/h1 attribute is Best Banana Bread <a href="img/TestRecipeSearch_1rrud4q05o2e16921.png" target="_blank">[View Screenshot]</a> </div></div><div  class="teststeppass"><span class="teststeppass-label">T </span>assert 'notes.search' attribute 'innerHTML' value is 'MY PRIVATE NOTES'</div><div style="display:block;margin-left:10px;"><div  class="pass"><span class="pass-label">P </span>Expected By.xpath: /html/body/div[2]/div/div/div[2]/div/div/div[13]/div[3]/div/div[1]/h4 attribute should be MY PRIVATE NOTES : Actual By.xpath: /html/body/div[2]/div/div/div[2]/div/div/div[13]/div[3]/div/div[1]/h4 attribute is MY PRIVATE NOTES <a href="img/TestRecipeSearch_f4v9d9dg0o1z16922.png" target="_blank">[View Screenshot]</a> </div></div></div>]]]>
              </value>
            </param>
          </params>
          <reporter-output>
          </reporter-output>
        </test-method> <!-- afterMethod -->
        <test-method status="PASS" signature="testRecipeDropdownSearch()[pri:0, instance:qaf.example.tests.RecipeTest@5158b42f]" name="testRecipeDropdownSearch" duration-ms="7854" started-at="2020-05-02T20:19:58Z" finished-at="2020-05-02T20:20:06Z">
          <reporter-output>
            <line>
              <![CDATA[<div style="display:block;margin-left:10px;"><div  class="teststeppass"><span class="teststeppass-label">T </span>get 'https://www.food.com/'</div><div  class="teststeppass"><span class="teststeppass-label">T </span>assert 'trending_value.search' attribute 'innerHTML' value is 'Trending'</div><div style="display:block;margin-left:10px;"><div  class="pass"><span class="pass-label">P </span>Expected By.xpath: /html/body/div[3]/div[1]/div[3]/div[1]/div/label attribute should be Trending : Actual By.xpath: /html/body/div[3]/div[1]/div[3]/div[1]/div/label attribute is Trending <a href="img/TestRecipeDropdownSearch_41oy01xb2ouj16923.png" target="_blank">[View Screenshot]</a> </div></div></div>]]>
            </line>
          </reporter-output>
        </test-method> <!-- testRecipeDropdownSearch -->
        <test-method status="PASS" signature="setupMethod(java.lang.reflect.Method, org.testng.ITestContext)[pri:0, instance:qaf.example.tests.RecipeTest@5158b42f]" name="setupMethod" is-config="true" duration-ms="0" started-at="2020-05-02T20:19:58Z" finished-at="2020-05-02T20:19:58Z">
          <params>
            <param index="0">
              <value>
                <![CDATA[public void qaf.example.tests.RecipeTest.testRecipeDropdownSearch()]]>
              </value>
            </param>
            <param index="1">
              <value>
                <![CDATA[org.testng.TestRunner@6236eb5f]]>
              </value>
            </param>
          </params>
          <reporter-output>
          </reporter-output>
        </test-method> <!-- setupMethod -->
        <test-method status="PASS" signature="afterMethod(org.testng.ITestContext, org.testng.ITestResult)[pri:0, instance:qaf.example.tests.RecipeTest@5158b42f]" name="afterMethod" is-config="true" duration-ms="1" started-at="2020-05-02T20:20:06Z" finished-at="2020-05-02T20:20:06Z">
          <params>
            <param index="0">
              <value>
                <![CDATA[org.testng.TestRunner@6236eb5f]]>
              </value>
            </param>
            <param index="1">
              <value>
                <![CDATA[[TestResult name=testRecipeDropdownSearch status=SUCCESS method=RecipeTest.testRecipeDropdownSearch()[pri:0, instance:qaf.example.tests.RecipeTest@5158b42f] output=<div style="display:block;margin-left:10px;"><div  class="teststeppass"><span class="teststeppass-label">T </span>get 'https://www.food.com/'</div><div  class="teststeppass"><span class="teststeppass-label">T </span>assert 'trending_value.search' attribute 'innerHTML' value is 'Trending'</div><div style="display:block;margin-left:10px;"><div  class="pass"><span class="pass-label">P </span>Expected By.xpath: /html/body/div[3]/div[1]/div[3]/div[1]/div/label attribute should be Trending : Actual By.xpath: /html/body/div[3]/div[1]/div[3]/div[1]/div/label attribute is Trending <a href="img/TestRecipeDropdownSearch_41oy01xb2ouj16923.png" target="_blank">[View Screenshot]</a> </div></div></div>]]]>
              </value>
            </param>
          </params>
          <reporter-output>
          </reporter-output>
        </test-method> <!-- afterMethod -->
        <test-method status="PASS" signature="testRecipeDaySearch()[pri:0, instance:qaf.example.tests.RecipeTest@5158b42f]" name="testRecipeDaySearch" duration-ms="10252" started-at="2020-05-02T20:20:06Z" finished-at="2020-05-02T20:20:16Z">
          <reporter-output>
            <line>
              <![CDATA[<div style="display:block;margin-left:10px;"><div  class="teststeppass"><span class="teststeppass-label">T </span>get 'https://www.food.com/'</div><div  class="teststeppass"><span class="teststeppass-label">T </span>assert 'recipe_day_main_page_title.search' attribute 'innerHTML' value is 'Mexican Meatball Soup'</div><div style="display:block;margin-left:10px;"><div  class="pass"><span class="pass-label">P </span>Expected By.xpath: /html/body/div[3]/div[1]/header/div[2]/div/div[1]/div/div[3]/div/h2/a attribute should be Mexican Meatball Soup : Actual By.xpath: /html/body/div[3]/div[1]/header/div[2]/div/div[1]/div/div[3]/div/h2/a attribute is Mexican Meatball Soup <a href="img/TestRecipeDaySearch_2xetn2bc3tsf16924.png" target="_blank">[View Screenshot]</a> </div></div><div  class="teststeppass"><span class="teststeppass-label">T </span>assert 'share.search' is not visible</div><div style="display:block;margin-left:10px;"><div  class="pass"><span class="pass-label">P </span>Expected By.xpath: /html/body/div[3]/div[1]/header/div[2]/div/div[1]/div/div[4]/a not visible : Actual By.xpath: /html/body/div[3]/div[1]/header/div[2]/div/div[1]/div/div[4]/a not visible <a href="img/TestRecipeDaySearch_4slswoxkbsng16925.png" target="_blank">[View Screenshot]</a> </div></div><div  class="teststeppass"><span class="teststeppass-label">T </span>mouse move on 'mouse_over_recipe.search'</div><div  class="teststeppass"><span class="teststeppass-label">T </span>assert 'recipe_day_title.search' attribute 'innerHTML' value is '70 Regional Mexican Foods to Make at Home'</div><div style="display:block;margin-left:10px;"><div  class="pass"><span class="pass-label">P </span>Expected By.xpath: /html/body/div[3]/div[1]/div[3]/article/header/div[1]/div/div[2]/h1 attribute should be 70 Regional Mexican Foods to Make at Home : Actual By.xpath: /html/body/div[3]/div[1]/div[3]/article/header/div[1]/div/div[2]/h1 attribute is 70 Regional Mexican Foods to Make at Home <a href="img/TestRecipeDaySearch_1dpm1sea0sbwh16926.png" target="_blank">[View Screenshot]</a> </div></div></div>]]>
            </line>
          </reporter-output>
        </test-method> <!-- testRecipeDaySearch -->
        <test-method status="PASS" signature="setupMethod(java.lang.reflect.Method, org.testng.ITestContext)[pri:0, instance:qaf.example.tests.RecipeTest@5158b42f]" name="setupMethod" is-config="true" duration-ms="0" started-at="2020-05-02T20:20:06Z" finished-at="2020-05-02T20:20:06Z">
          <params>
            <param index="0">
              <value>
                <![CDATA[public void qaf.example.tests.RecipeTest.testRecipeDaySearch()]]>
              </value>
            </param>
            <param index="1">
              <value>
                <![CDATA[org.testng.TestRunner@6236eb5f]]>
              </value>
            </param>
          </params>
          <reporter-output>
          </reporter-output>
        </test-method> <!-- setupMethod -->
        <test-method status="PASS" signature="afterClass(org.testng.ITestContext)[pri:0, instance:qaf.example.tests.RecipeTest@5158b42f]" name="afterClass" is-config="true" duration-ms="1" started-at="2020-05-02T20:20:16Z" finished-at="2020-05-02T20:20:16Z">
          <params>
            <param index="0">
              <value>
                <![CDATA[org.testng.TestRunner@6236eb5f]]>
              </value>
            </param>
          </params>
          <reporter-output>
          </reporter-output>
        </test-method> <!-- afterClass -->
        <test-method status="PASS" signature="afterMethod(org.testng.ITestContext, org.testng.ITestResult)[pri:0, instance:qaf.example.tests.RecipeTest@5158b42f]" name="afterMethod" is-config="true" duration-ms="0" started-at="2020-05-02T20:20:16Z" finished-at="2020-05-02T20:20:16Z">
          <params>
            <param index="0">
              <value>
                <![CDATA[org.testng.TestRunner@6236eb5f]]>
              </value>
            </param>
            <param index="1">
              <value>
                <![CDATA[[TestResult name=testRecipeDaySearch status=SUCCESS method=RecipeTest.testRecipeDaySearch()[pri:0, instance:qaf.example.tests.RecipeTest@5158b42f] output=<div style="display:block;margin-left:10px;"><div  class="teststeppass"><span class="teststeppass-label">T </span>get 'https://www.food.com/'</div><div  class="teststeppass"><span class="teststeppass-label">T </span>assert 'recipe_day_main_page_title.search' attribute 'innerHTML' value is 'Mexican Meatball Soup'</div><div style="display:block;margin-left:10px;"><div  class="pass"><span class="pass-label">P </span>Expected By.xpath: /html/body/div[3]/div[1]/header/div[2]/div/div[1]/div/div[3]/div/h2/a attribute should be Mexican Meatball Soup : Actual By.xpath: /html/body/div[3]/div[1]/header/div[2]/div/div[1]/div/div[3]/div/h2/a attribute is Mexican Meatball Soup <a href="img/TestRecipeDaySearch_2xetn2bc3tsf16924.png" target="_blank">[View Screenshot]</a> </div></div><div  class="teststeppass"><span class="teststeppass-label">T </span>assert 'share.search' is not visible</div><div style="display:block;margin-left:10px;"><div  class="pass"><span class="pass-label">P </span>Expected By.xpath: /html/body/div[3]/div[1]/header/div[2]/div/div[1]/div/div[4]/a not visible : Actual By.xpath: /html/body/div[3]/div[1]/header/div[2]/div/div[1]/div/div[4]/a not visible <a href="img/TestRecipeDaySearch_4slswoxkbsng16925.png" target="_blank">[View Screenshot]</a> </div></div><div  class="teststeppass"><span class="teststeppass-label">T </span>mouse move on 'mouse_over_recipe.search'</div><div  class="teststeppass"><span class="teststeppass-label">T </span>assert 'recipe_day_title.search' attribute 'innerHTML' value is '70 Regional Mexican Foods to Make at Home'</div><div style="display:block;margin-left:10px;"><div  class="pass"><span class="pass-label">P </span>Expected By.xpath: /html/body/div[3]/div[1]/div[3]/article/header/div[1]/div/div[2]/h1 attribute should be 70 Regional Mexican Foods to Make at Home : Actual By.xpath: /html/body/div[3]/div[1]/div[3]/article/header/div[1]/div/div[2]/h1 attribute is 70 Regional Mexican Foods to Make at Home <a href="img/TestRecipeDaySearch_1dpm1sea0sbwh16926.png" target="_blank">[View Screenshot]</a> </div></div></div>]]]>
              </value>
            </param>
          </params>
          <reporter-output>
          </reporter-output>
        </test-method> <!-- afterMethod -->
        <test-method status="PASS" signature="afterTest(org.testng.ITestContext)[pri:0, instance:qaf.example.tests.RecipeTest@5158b42f]" name="afterTest" is-config="true" duration-ms="181" started-at="2020-05-02T20:20:16Z" finished-at="2020-05-02T20:20:16Z">
          <params>
            <param index="0">
              <value>
                <![CDATA[org.testng.TestRunner@6236eb5f]]>
              </value>
            </param>
          </params>
          <reporter-output>
          </reporter-output>
        </test-method> <!-- afterTest -->
        <test-method status="PASS" signature="afterSuit(org.testng.ITestContext)[pri:0, instance:qaf.example.tests.RecipeTest@5158b42f]" name="afterSuit" is-config="true" duration-ms="1" started-at="2020-05-02T20:20:16Z" finished-at="2020-05-02T20:20:16Z">
          <params>
            <param index="0">
              <value>
                <![CDATA[org.testng.TestRunner@6236eb5f]]>
              </value>
            </param>
          </params>
          <reporter-output>
          </reporter-output>
        </test-method> <!-- afterSuit -->
      </class> <!-- qaf.example.tests.RecipeTest -->
    </test> <!-- Default test -->
  </suite> <!-- Default suite -->
</testng-results>
