<?xml version="1.0" encoding="UTF-8"?>
<testng-results skipped="0" failed="0" ignored="0" total="1" passed="1">
  <reporter-output>
    <line>
      <![CDATA[<div style="display:block;margin-left:10px;"><div  class="teststeppass"><span class="teststeppass-label">T </span>get 'https://www.food.com/'</div></div>]]>
    </line>
  </reporter-output>
  <suite name="Default suite" duration-ms="16595" started-at="2020-05-11T00:15:07Z" finished-at="2020-05-11T00:15:24Z">
    <groups>
    </groups>
    <test name="Default test" duration-ms="16595" started-at="2020-05-11T00:15:07Z" finished-at="2020-05-11T00:15:24Z">
      <class name="qaf.example.tests.LoginTest">
        <test-method status="PASS" signature="setupSuit(org.testng.ITestContext)[pri:0, instance:qaf.example.tests.LoginTest@1189dd52]" name="setupSuit" is-config="true" duration-ms="18" started-at="2020-05-10T17:15:07Z" finished-at="2020-05-10T17:15:07Z">
          <params>
            <param index="0">
              <value>
                <![CDATA[org.testng.TestRunner@484970b0]]>
              </value>
            </param>
          </params>
          <reporter-output>
          </reporter-output>
        </test-method> <!-- setupSuit -->
        <test-method status="PASS" signature="setupTest(org.testng.ITestContext)[pri:0, instance:qaf.example.tests.LoginTest@1189dd52]" name="setupTest" is-config="true" duration-ms="1" started-at="2020-05-10T17:15:07Z" finished-at="2020-05-10T17:15:07Z">
          <params>
            <param index="0">
              <value>
                <![CDATA[org.testng.TestRunner@484970b0]]>
              </value>
            </param>
          </params>
          <reporter-output>
          </reporter-output>
        </test-method> <!-- setupTest -->
        <test-method status="PASS" signature="setup(org.testng.ITestContext)[pri:0, instance:qaf.example.tests.LoginTest@1189dd52]" name="setup" is-config="true" duration-ms="2" started-at="2020-05-10T17:15:07Z" finished-at="2020-05-10T17:15:07Z">
          <params>
            <param index="0">
              <value>
                <![CDATA[org.testng.TestRunner@484970b0]]>
              </value>
            </param>
          </params>
          <reporter-output>
          </reporter-output>
        </test-method> <!-- setup -->
        <test-method status="PASS" signature="setupMethod(java.lang.reflect.Method, org.testng.ITestContext)[pri:0, instance:qaf.example.tests.LoginTest@1189dd52]" name="setupMethod" is-config="true" duration-ms="1" started-at="2020-05-10T17:15:07Z" finished-at="2020-05-10T17:15:07Z">
          <params>
            <param index="0">
              <value>
                <![CDATA[public void qaf.example.tests.LoginTest.testLogin(java.util.Map)]]>
              </value>
            </param>
            <param index="1">
              <value>
                <![CDATA[org.testng.TestRunner@484970b0]]>
              </value>
            </param>
          </params>
          <reporter-output>
          </reporter-output>
        </test-method> <!-- setupMethod -->
        <test-method status="PASS" signature="testLogin(java.util.Map)[pri:0, instance:qaf.example.tests.LoginTest@1189dd52]" name="testLogin" duration-ms="16227" started-at="2020-05-10T17:15:07Z" description="json file as data provider " finished-at="2020-05-10T17:15:23Z">
          <params>
            <param index="0">
              <value>
                <![CDATA[{Username=sjpatel91@gmail.com, password=Shruti123, isvalid=true, __index=1}]]>
              </value>
            </param>
          </params>
          <reporter-output>
            <line>
              <![CDATA[<div style="display:block;margin-left:10px;"><div  class="teststeppass"><span class="teststeppass-label">T </span>get 'https://www.food.com/'</div></div>]]>
            </line>
          </reporter-output>
        </test-method> <!-- testLogin -->
        <test-method status="PASS" signature="afterMethod(org.testng.ITestContext, org.testng.ITestResult)[pri:0, instance:qaf.example.tests.LoginTest@1189dd52]" name="afterMethod" is-config="true" duration-ms="0" started-at="2020-05-10T17:15:23Z" finished-at="2020-05-10T17:15:23Z">
          <params>
            <param index="0">
              <value>
                <![CDATA[org.testng.TestRunner@484970b0]]>
              </value>
            </param>
            <param index="1">
              <value>
                <![CDATA[[TestResult name=testLogin status=SUCCESS method=LoginTest.testLogin(java.util.Map)[pri:0, instance:qaf.example.tests.LoginTest@1189dd52] output=<div style="display:block;margin-left:10px;"><div  class="teststeppass"><span class="teststeppass-label">T </span>get 'https://www.food.com/'</div></div>]]]>
              </value>
            </param>
          </params>
          <reporter-output>
          </reporter-output>
        </test-method> <!-- afterMethod -->
        <test-method status="PASS" signature="afterClass(org.testng.ITestContext)[pri:0, instance:qaf.example.tests.LoginTest@1189dd52]" name="afterClass" is-config="true" duration-ms="1" started-at="2020-05-10T17:15:23Z" finished-at="2020-05-10T17:15:23Z">
          <params>
            <param index="0">
              <value>
                <![CDATA[org.testng.TestRunner@484970b0]]>
              </value>
            </param>
          </params>
          <reporter-output>
          </reporter-output>
        </test-method> <!-- afterClass -->
        <test-method status="PASS" signature="afterTest(org.testng.ITestContext)[pri:0, instance:qaf.example.tests.LoginTest@1189dd52]" name="afterTest" is-config="true" duration-ms="287" started-at="2020-05-10T17:15:23Z" finished-at="2020-05-10T17:15:24Z">
          <params>
            <param index="0">
              <value>
                <![CDATA[org.testng.TestRunner@484970b0]]>
              </value>
            </param>
          </params>
          <reporter-output>
          </reporter-output>
        </test-method> <!-- afterTest -->
        <test-method status="PASS" signature="afterSuit(org.testng.ITestContext)[pri:0, instance:qaf.example.tests.LoginTest@1189dd52]" name="afterSuit" is-config="true" duration-ms="1" started-at="2020-05-10T17:15:24Z" finished-at="2020-05-10T17:15:24Z">
          <params>
            <param index="0">
              <value>
                <![CDATA[org.testng.TestRunner@484970b0]]>
              </value>
            </param>
          </params>
          <reporter-output>
          </reporter-output>
        </test-method> <!-- afterSuit -->
      </class> <!-- qaf.example.tests.LoginTest -->
    </test> <!-- Default test -->
  </suite> <!-- Default suite -->
</testng-results>
