<?xml version="1.0" encoding="UTF-8"?>
<testng-results skipped="0" failed="0" ignored="0" total="5" passed="5">
  <reporter-output>
    <line>
      <![CDATA[<div style="display:block;margin-left:10px;"><div  class="teststeppass"><span class="teststeppass-label">T </span>get 'https://www.food.com/'</div><div  class="teststeppass"><span class="teststeppass-label">T </span>click on 'recipe.search'</div><div  class="teststeppass"><span class="teststeppass-label">T </span>click on 'banana_recipe.search'</div><div  class="teststeppass"><span class="teststeppass-label">T </span>click on 'serve.search'</div><div  class="teststeppass"><span class="teststeppass-label">T </span>clear 'serve_keys.search'</div><div  class="teststeppass"><span class="teststeppass-label">T </span>sendKeys '-5' into 'serve_keys.search'</div><div  class="teststeppass"><span class="teststeppass-label">T </span>click on 'done_serve.search'</div><div  class="teststeppass"><span class="teststeppass-label">T </span>assert 'serve.search' attribute 'innerHTML' value is '-50'</div><div style="display:block;margin-left:10px;"><div  class="pass"><span class="pass-label">P </span>Expected By.xpath: /html/body/div[2]/div/div/div[2]/div/div/div[11]/div[1]/div/div[1]/div[2]/a attribute should be -50 : Actual By.xpath: /html/body/div[2]/div/div/div[2]/div/div/div[11]/div[1]/div/div[1]/div[2]/a attribute is -50 <a href="img/TestServeSearch_do70qzipv06b32494.png" target="_blank">[View Screenshot]</a> </div></div><div  class="teststeppass"><span class="teststeppass-label">T </span>assert 'ingredient.search' attribute 'innerHTML' value is not '5'</div><div style="display:block;margin-left:10px;"><div  class="pass"><span class="pass-label">P </span>Expected By.className: recipe-ingredients__ingredient-quantity attribute should not be 5 : Actual By.className: recipe-ingredients__ingredient-quantity attribute is  <a href="img/TestServeSearch_kxie9pxi7j5u32495.png" target="_blank">[View Screenshot]</a> </div></div></div>]]>
    </line>
    <line>
      <![CDATA[<div style="display:block;margin-left:10px;"><div  class="teststeppass"><span class="teststeppass-label">T </span>get 'https://www.food.com/'</div><div  class="teststeppass"><span class="teststeppass-label">T </span>click on 'recipe.search'</div><div  class="teststeppass"><span class="teststeppass-label">T </span>sendKeys '%' into 'search_recipe.search'</div><div  class="teststeppass"><span class="teststeppass-label">T </span>submit 'search_recipe.search'</div><div  class="teststeppass"><span class="teststeppass-label">T </span>assert 'message_recipe.search' attribute 'innerHTML' value is 'Bad Request'</div><div style="display:block;margin-left:10px;"><div  class="pass"><span class="pass-label">P </span>Expected By.xpath: /html/body/h1 attribute should be Bad Request : Actual By.xpath: /html/body/h1 attribute is Bad Request <a href="img/TestSearchBoxSearch_h195jibajvrt32496.png" target="_blank">[View Screenshot]</a> </div></div></div>]]>
    </line>
    <line>
      <![CDATA[<div style="display:block;margin-left:10px;"><div  class="teststeppass"><span class="teststeppass-label">T </span>get 'https://www.food.com/'</div><div  class="teststeppass"><span class="teststeppass-label">T </span>click on 'recipe.search'</div><div  class="teststeppass"><span class="teststeppass-label">T </span>click on 'banana_recipe.search'</div><div  class="teststeppass"><span class="teststeppass-label">T </span>click on 'full_recipe.search'</div><div  class="teststeppass"><span class="teststeppass-label">T </span>assert 'title.search' attribute 'innerHTML' value is 'Best Banana Bread'</div><div style="display:block;margin-left:10px;"><div  class="pass"><span class="pass-label">P </span>Expected By.xpath: /html/body/div[2]/div/div/div[2]/div/div/div[4]/div/h1 attribute should be Best Banana Bread : Actual By.xpath: /html/body/div[2]/div/div/div[2]/div/div/div[4]/div/h1 attribute is Best Banana Bread <a href="img/TestRecipeSearch_1db2tsglrub0f32497.png" target="_blank">[View Screenshot]</a> </div></div><div  class="teststeppass"><span class="teststeppass-label">T </span>assert 'notes.search' attribute 'innerHTML' value is 'MY PRIVATE NOTES'</div><div style="display:block;margin-left:10px;"><div  class="pass"><span class="pass-label">P </span>Expected By.xpath: /html/body/div[2]/div/div/div[2]/div/div/div[13]/div[3]/div/div[1]/h4 attribute should be MY PRIVATE NOTES : Actual By.xpath: /html/body/div[2]/div/div/div[2]/div/div/div[13]/div[3]/div/div[1]/h4 attribute is MY PRIVATE NOTES <a href="img/TestRecipeSearch_yj52cvsh4lzg32498.png" target="_blank">[View Screenshot]</a> </div></div></div>]]>
    </line>
    <line>
      <![CDATA[<div style="display:block;margin-left:10px;"><div  class="teststeppass"><span class="teststeppass-label">T </span>get 'https://www.food.com/'</div><div  class="teststeppass"><span class="teststeppass-label">T </span>click on 'recipe.search'</div><div  class="teststeppass"><span class="teststeppass-label">T </span>click on 'dropdown.search'</div><div  class="teststeppass"><span class="teststeppass-label">T </span>click on 'trending.search'</div><div  class="teststeppass"><span class="teststeppass-label">T </span>assert 'trending_value.search' attribute 'innerHTML' value is 'Trending'</div><div style="display:block;margin-left:10px;"><div  class="pass"><span class="pass-label">P </span>Expected By.xpath: /html/body/div[3]/div[1]/div[3]/div[1]/div/label attribute should be Trending : Actual By.xpath: /html/body/div[3]/div[1]/div[3]/div[1]/div/label attribute is Trending <a href="img/TestRecipeDropdownSearch_1gm4xhkuuzk0x32499.png" target="_blank">[View Screenshot]</a> </div></div></div>]]>
    </line>
    <line>
      <![CDATA[<div style="display:block;margin-left:10px;"><div  class="teststeppass"><span class="teststeppass-label">T </span>get 'https://www.food.com/'</div><div  class="teststeppass"><span class="teststeppass-label">T </span>click on 'recipe.search'</div><div  class="teststeppass"><span class="teststeppass-label">T </span>assert 'recipe_day_main_page_title.search' attribute 'innerHTML' value is 'Mexican Meatball Soup'</div><div style="display:block;margin-left:10px;"><div  class="pass"><span class="pass-label">P </span>Expected By.xpath: /html/body/div[3]/div[1]/header/div[2]/div/div[1]/div/div[3]/div/h2/a attribute should be Mexican Meatball Soup : Actual By.xpath: /html/body/div[3]/div[1]/header/div[2]/div/div[1]/div/div[3]/div/h2/a attribute is Mexican Meatball Soup <a href="img/TestRecipeDaySearch_4af4glmnvhm632500.png" target="_blank">[View Screenshot]</a> </div></div><div  class="teststeppass"><span class="teststeppass-label">T </span>assert 'share.search' is not visible</div><div style="display:block;margin-left:10px;"><div  class="pass"><span class="pass-label">P </span>Expected By.xpath: /html/body/div[3]/div[1]/header/div[2]/div/div[1]/div/div[4]/a not visible : Actual By.xpath: /html/body/div[3]/div[1]/header/div[2]/div/div[1]/div/div[4]/a not visible <a href="img/TestRecipeDaySearch_19gmozz48athk32501.png" target="_blank">[View Screenshot]</a> </div></div><div  class="teststeppass"><span class="teststeppass-label">T </span>mouse move on 'mouse_over_recipe.search'</div><div  class="teststeppass"><span class="teststeppass-label">T </span>click on 'share.search'</div><div  class="teststeppass"><span class="teststeppass-label">T </span>click on 'share_close.search'</div><div  class="teststeppass"><span class="teststeppass-label">T </span>click on 'recipe_of_day.search'</div><div  class="teststeppass"><span class="teststeppass-label">T </span>assert 'recipe_day_title.search' attribute 'innerHTML' value is '70 Regional Mexican Foods to Make at Home'</div><div style="display:block;margin-left:10px;"><div  class="pass"><span class="pass-label">P </span>Expected By.xpath: /html/body/div[3]/div[1]/div[3]/article/header/div[1]/div/div[2]/h1 attribute should be 70 Regional Mexican Foods to Make at Home : Actual By.xpath: /html/body/div[3]/div[1]/div[3]/article/header/div[1]/div/div[2]/h1 attribute is 70 Regional Mexican Foods to Make at Home <a href="img/TestRecipeDaySearch_1lw4lfblwrxyd32502.png" target="_blank">[View Screenshot]</a> </div></div></div>]]>
    </line>
  </reporter-output>
  <suite name="Default suite" duration-ms="59167" started-at="2020-05-02T21:07:22Z" finished-at="2020-05-02T21:08:21Z">
    <groups>
    </groups>
    <test name="Default test" duration-ms="59167" started-at="2020-05-02T21:07:22Z" finished-at="2020-05-02T21:08:21Z">
      <class name="qaf.example.tests.SampleTest">
        <test-method status="PASS" signature="setupSuit(org.testng.ITestContext)[pri:0, instance:qaf.example.tests.SampleTest@5158b42f]" name="setupSuit" is-config="true" duration-ms="19" started-at="2020-05-02T14:07:22Z" finished-at="2020-05-02T14:07:22Z">
          <params>
            <param index="0">
              <value>
                <![CDATA[org.testng.TestRunner@6236eb5f]]>
              </value>
            </param>
          </params>
          <reporter-output>
          </reporter-output>
        </test-method> <!-- setupSuit -->
        <test-method status="PASS" signature="setupTest(org.testng.ITestContext)[pri:0, instance:qaf.example.tests.SampleTest@5158b42f]" name="setupTest" is-config="true" duration-ms="2" started-at="2020-05-02T14:07:22Z" finished-at="2020-05-02T14:07:22Z">
          <params>
            <param index="0">
              <value>
                <![CDATA[org.testng.TestRunner@6236eb5f]]>
              </value>
            </param>
          </params>
          <reporter-output>
          </reporter-output>
        </test-method> <!-- setupTest -->
        <test-method status="PASS" signature="setup(org.testng.ITestContext)[pri:0, instance:qaf.example.tests.SampleTest@5158b42f]" name="setup" is-config="true" duration-ms="1" started-at="2020-05-02T14:07:22Z" finished-at="2020-05-02T14:07:22Z">
          <params>
            <param index="0">
              <value>
                <![CDATA[org.testng.TestRunner@6236eb5f]]>
              </value>
            </param>
          </params>
          <reporter-output>
          </reporter-output>
        </test-method> <!-- setup -->
        <test-method status="PASS" signature="testServeSearch()[pri:0, instance:qaf.example.tests.SampleTest@5158b42f]" name="testServeSearch" duration-ms="24952" started-at="2020-05-02T14:07:22Z" finished-at="2020-05-02T14:07:47Z">
          <reporter-output>
            <line>
              <![CDATA[<div style="display:block;margin-left:10px;"><div  class="teststeppass"><span class="teststeppass-label">T </span>get 'https://www.food.com/'</div><div  class="teststeppass"><span class="teststeppass-label">T </span>click on 'recipe.search'</div><div  class="teststeppass"><span class="teststeppass-label">T </span>click on 'banana_recipe.search'</div><div  class="teststeppass"><span class="teststeppass-label">T </span>click on 'serve.search'</div><div  class="teststeppass"><span class="teststeppass-label">T </span>clear 'serve_keys.search'</div><div  class="teststeppass"><span class="teststeppass-label">T </span>sendKeys '-5' into 'serve_keys.search'</div><div  class="teststeppass"><span class="teststeppass-label">T </span>click on 'done_serve.search'</div><div  class="teststeppass"><span class="teststeppass-label">T </span>assert 'serve.search' attribute 'innerHTML' value is '-50'</div><div style="display:block;margin-left:10px;"><div  class="pass"><span class="pass-label">P </span>Expected By.xpath: /html/body/div[2]/div/div/div[2]/div/div/div[11]/div[1]/div/div[1]/div[2]/a attribute should be -50 : Actual By.xpath: /html/body/div[2]/div/div/div[2]/div/div/div[11]/div[1]/div/div[1]/div[2]/a attribute is -50 <a href="img/TestServeSearch_do70qzipv06b32494.png" target="_blank">[View Screenshot]</a> </div></div><div  class="teststeppass"><span class="teststeppass-label">T </span>assert 'ingredient.search' attribute 'innerHTML' value is not '5'</div><div style="display:block;margin-left:10px;"><div  class="pass"><span class="pass-label">P </span>Expected By.className: recipe-ingredients__ingredient-quantity attribute should not be 5 : Actual By.className: recipe-ingredients__ingredient-quantity attribute is  <a href="img/TestServeSearch_kxie9pxi7j5u32495.png" target="_blank">[View Screenshot]</a> </div></div></div>]]>
            </line>
          </reporter-output>
        </test-method> <!-- testServeSearch -->
        <test-method status="PASS" signature="setupMethod(java.lang.reflect.Method, org.testng.ITestContext)[pri:0, instance:qaf.example.tests.SampleTest@5158b42f]" name="setupMethod" is-config="true" duration-ms="0" started-at="2020-05-02T14:07:22Z" finished-at="2020-05-02T14:07:22Z">
          <params>
            <param index="0">
              <value>
                <![CDATA[public void qaf.example.tests.SampleTest.testServeSearch()]]>
              </value>
            </param>
            <param index="1">
              <value>
                <![CDATA[org.testng.TestRunner@6236eb5f]]>
              </value>
            </param>
          </params>
          <reporter-output>
          </reporter-output>
        </test-method> <!-- setupMethod -->
        <test-method status="PASS" signature="afterMethod(org.testng.ITestContext, org.testng.ITestResult)[pri:0, instance:qaf.example.tests.SampleTest@5158b42f]" name="afterMethod" is-config="true" duration-ms="0" started-at="2020-05-02T14:07:47Z" finished-at="2020-05-02T14:07:47Z">
          <params>
            <param index="0">
              <value>
                <![CDATA[org.testng.TestRunner@6236eb5f]]>
              </value>
            </param>
            <param index="1">
              <value>
                <![CDATA[[TestResult name=testServeSearch status=SUCCESS method=SampleTest.testServeSearch()[pri:0, instance:qaf.example.tests.SampleTest@5158b42f] output=<div style="display:block;margin-left:10px;"><div  class="teststeppass"><span class="teststeppass-label">T </span>get 'https://www.food.com/'</div><div  class="teststeppass"><span class="teststeppass-label">T </span>click on 'recipe.search'</div><div  class="teststeppass"><span class="teststeppass-label">T </span>click on 'banana_recipe.search'</div><div  class="teststeppass"><span class="teststeppass-label">T </span>click on 'serve.search'</div><div  class="teststeppass"><span class="teststeppass-label">T </span>clear 'serve_keys.search'</div><div  class="teststeppass"><span class="teststeppass-label">T </span>sendKeys '-5' into 'serve_keys.search'</div><div  class="teststeppass"><span class="teststeppass-label">T </span>click on 'done_serve.search'</div><div  class="teststeppass"><span class="teststeppass-label">T </span>assert 'serve.search' attribute 'innerHTML' value is '-50'</div><div style="display:block;margin-left:10px;"><div  class="pass"><span class="pass-label">P </span>Expected By.xpath: /html/body/div[2]/div/div/div[2]/div/div/div[11]/div[1]/div/div[1]/div[2]/a attribute should be -50 : Actual By.xpath: /html/body/div[2]/div/div/div[2]/div/div/div[11]/div[1]/div/div[1]/div[2]/a attribute is -50 <a href="img/TestServeSearch_do70qzipv06b32494.png" target="_blank">[View Screenshot]</a> </div></div><div  class="teststeppass"><span class="teststeppass-label">T </span>assert 'ingredient.search' attribute 'innerHTML' value is not '5'</div><div style="display:block;margin-left:10px;"><div  class="pass"><span class="pass-label">P </span>Expected By.className: recipe-ingredients__ingredient-quantity attribute should not be 5 : Actual By.className: recipe-ingredients__ingredient-quantity attribute is  <a href="img/TestServeSearch_kxie9pxi7j5u32495.png" target="_blank">[View Screenshot]</a> </div></div></div>]]]>
              </value>
            </param>
          </params>
          <reporter-output>
          </reporter-output>
        </test-method> <!-- afterMethod -->
        <test-method status="PASS" signature="testSearchBoxSearch()[pri:0, instance:qaf.example.tests.SampleTest@5158b42f]" name="testSearchBoxSearch" duration-ms="5359" started-at="2020-05-02T14:07:47Z" finished-at="2020-05-02T14:07:52Z">
          <reporter-output>
            <line>
              <![CDATA[<div style="display:block;margin-left:10px;"><div  class="teststeppass"><span class="teststeppass-label">T </span>get 'https://www.food.com/'</div><div  class="teststeppass"><span class="teststeppass-label">T </span>click on 'recipe.search'</div><div  class="teststeppass"><span class="teststeppass-label">T </span>sendKeys '%' into 'search_recipe.search'</div><div  class="teststeppass"><span class="teststeppass-label">T </span>submit 'search_recipe.search'</div><div  class="teststeppass"><span class="teststeppass-label">T </span>assert 'message_recipe.search' attribute 'innerHTML' value is 'Bad Request'</div><div style="display:block;margin-left:10px;"><div  class="pass"><span class="pass-label">P </span>Expected By.xpath: /html/body/h1 attribute should be Bad Request : Actual By.xpath: /html/body/h1 attribute is Bad Request <a href="img/TestSearchBoxSearch_h195jibajvrt32496.png" target="_blank">[View Screenshot]</a> </div></div></div>]]>
            </line>
          </reporter-output>
        </test-method> <!-- testSearchBoxSearch -->
        <test-method status="PASS" signature="setupMethod(java.lang.reflect.Method, org.testng.ITestContext)[pri:0, instance:qaf.example.tests.SampleTest@5158b42f]" name="setupMethod" is-config="true" duration-ms="0" started-at="2020-05-02T14:07:47Z" finished-at="2020-05-02T14:07:47Z">
          <params>
            <param index="0">
              <value>
                <![CDATA[public void qaf.example.tests.SampleTest.testSearchBoxSearch()]]>
              </value>
            </param>
            <param index="1">
              <value>
                <![CDATA[org.testng.TestRunner@6236eb5f]]>
              </value>
            </param>
          </params>
          <reporter-output>
          </reporter-output>
        </test-method> <!-- setupMethod -->
        <test-method status="PASS" signature="afterMethod(org.testng.ITestContext, org.testng.ITestResult)[pri:0, instance:qaf.example.tests.SampleTest@5158b42f]" name="afterMethod" is-config="true" duration-ms="0" started-at="2020-05-02T14:07:52Z" finished-at="2020-05-02T14:07:52Z">
          <params>
            <param index="0">
              <value>
                <![CDATA[org.testng.TestRunner@6236eb5f]]>
              </value>
            </param>
            <param index="1">
              <value>
                <![CDATA[[TestResult name=testSearchBoxSearch status=SUCCESS method=SampleTest.testSearchBoxSearch()[pri:0, instance:qaf.example.tests.SampleTest@5158b42f] output=<div style="display:block;margin-left:10px;"><div  class="teststeppass"><span class="teststeppass-label">T </span>get 'https://www.food.com/'</div><div  class="teststeppass"><span class="teststeppass-label">T </span>click on 'recipe.search'</div><div  class="teststeppass"><span class="teststeppass-label">T </span>sendKeys '%' into 'search_recipe.search'</div><div  class="teststeppass"><span class="teststeppass-label">T </span>submit 'search_recipe.search'</div><div  class="teststeppass"><span class="teststeppass-label">T </span>assert 'message_recipe.search' attribute 'innerHTML' value is 'Bad Request'</div><div style="display:block;margin-left:10px;"><div  class="pass"><span class="pass-label">P </span>Expected By.xpath: /html/body/h1 attribute should be Bad Request : Actual By.xpath: /html/body/h1 attribute is Bad Request <a href="img/TestSearchBoxSearch_h195jibajvrt32496.png" target="_blank">[View Screenshot]</a> </div></div></div>]]]>
              </value>
            </param>
          </params>
          <reporter-output>
          </reporter-output>
        </test-method> <!-- afterMethod -->
        <test-method status="PASS" signature="testRecipeSearch()[pri:0, instance:qaf.example.tests.SampleTest@5158b42f]" name="testRecipeSearch" duration-ms="9911" started-at="2020-05-02T14:07:52Z" finished-at="2020-05-02T14:08:02Z">
          <reporter-output>
            <line>
              <![CDATA[<div style="display:block;margin-left:10px;"><div  class="teststeppass"><span class="teststeppass-label">T </span>get 'https://www.food.com/'</div><div  class="teststeppass"><span class="teststeppass-label">T </span>click on 'recipe.search'</div><div  class="teststeppass"><span class="teststeppass-label">T </span>click on 'banana_recipe.search'</div><div  class="teststeppass"><span class="teststeppass-label">T </span>click on 'full_recipe.search'</div><div  class="teststeppass"><span class="teststeppass-label">T </span>assert 'title.search' attribute 'innerHTML' value is 'Best Banana Bread'</div><div style="display:block;margin-left:10px;"><div  class="pass"><span class="pass-label">P </span>Expected By.xpath: /html/body/div[2]/div/div/div[2]/div/div/div[4]/div/h1 attribute should be Best Banana Bread : Actual By.xpath: /html/body/div[2]/div/div/div[2]/div/div/div[4]/div/h1 attribute is Best Banana Bread <a href="img/TestRecipeSearch_1db2tsglrub0f32497.png" target="_blank">[View Screenshot]</a> </div></div><div  class="teststeppass"><span class="teststeppass-label">T </span>assert 'notes.search' attribute 'innerHTML' value is 'MY PRIVATE NOTES'</div><div style="display:block;margin-left:10px;"><div  class="pass"><span class="pass-label">P </span>Expected By.xpath: /html/body/div[2]/div/div/div[2]/div/div/div[13]/div[3]/div/div[1]/h4 attribute should be MY PRIVATE NOTES : Actual By.xpath: /html/body/div[2]/div/div/div[2]/div/div/div[13]/div[3]/div/div[1]/h4 attribute is MY PRIVATE NOTES <a href="img/TestRecipeSearch_yj52cvsh4lzg32498.png" target="_blank">[View Screenshot]</a> </div></div></div>]]>
            </line>
          </reporter-output>
        </test-method> <!-- testRecipeSearch -->
        <test-method status="PASS" signature="setupMethod(java.lang.reflect.Method, org.testng.ITestContext)[pri:0, instance:qaf.example.tests.SampleTest@5158b42f]" name="setupMethod" is-config="true" duration-ms="0" started-at="2020-05-02T14:07:52Z" finished-at="2020-05-02T14:07:52Z">
          <params>
            <param index="0">
              <value>
                <![CDATA[public void qaf.example.tests.SampleTest.testRecipeSearch()]]>
              </value>
            </param>
            <param index="1">
              <value>
                <![CDATA[org.testng.TestRunner@6236eb5f]]>
              </value>
            </param>
          </params>
          <reporter-output>
          </reporter-output>
        </test-method> <!-- setupMethod -->
        <test-method status="PASS" signature="afterMethod(org.testng.ITestContext, org.testng.ITestResult)[pri:0, instance:qaf.example.tests.SampleTest@5158b42f]" name="afterMethod" is-config="true" duration-ms="1" started-at="2020-05-02T14:08:02Z" finished-at="2020-05-02T14:08:02Z">
          <params>
            <param index="0">
              <value>
                <![CDATA[org.testng.TestRunner@6236eb5f]]>
              </value>
            </param>
            <param index="1">
              <value>
                <![CDATA[[TestResult name=testRecipeSearch status=SUCCESS method=SampleTest.testRecipeSearch()[pri:0, instance:qaf.example.tests.SampleTest@5158b42f] output=<div style="display:block;margin-left:10px;"><div  class="teststeppass"><span class="teststeppass-label">T </span>get 'https://www.food.com/'</div><div  class="teststeppass"><span class="teststeppass-label">T </span>click on 'recipe.search'</div><div  class="teststeppass"><span class="teststeppass-label">T </span>click on 'banana_recipe.search'</div><div  class="teststeppass"><span class="teststeppass-label">T </span>click on 'full_recipe.search'</div><div  class="teststeppass"><span class="teststeppass-label">T </span>assert 'title.search' attribute 'innerHTML' value is 'Best Banana Bread'</div><div style="display:block;margin-left:10px;"><div  class="pass"><span class="pass-label">P </span>Expected By.xpath: /html/body/div[2]/div/div/div[2]/div/div/div[4]/div/h1 attribute should be Best Banana Bread : Actual By.xpath: /html/body/div[2]/div/div/div[2]/div/div/div[4]/div/h1 attribute is Best Banana Bread <a href="img/TestRecipeSearch_1db2tsglrub0f32497.png" target="_blank">[View Screenshot]</a> </div></div><div  class="teststeppass"><span class="teststeppass-label">T </span>assert 'notes.search' attribute 'innerHTML' value is 'MY PRIVATE NOTES'</div><div style="display:block;margin-left:10px;"><div  class="pass"><span class="pass-label">P </span>Expected By.xpath: /html/body/div[2]/div/div/div[2]/div/div/div[13]/div[3]/div/div[1]/h4 attribute should be MY PRIVATE NOTES : Actual By.xpath: /html/body/div[2]/div/div/div[2]/div/div/div[13]/div[3]/div/div[1]/h4 attribute is MY PRIVATE NOTES <a href="img/TestRecipeSearch_yj52cvsh4lzg32498.png" target="_blank">[View Screenshot]</a> </div></div></div>]]]>
              </value>
            </param>
          </params>
          <reporter-output>
          </reporter-output>
        </test-method> <!-- afterMethod -->
        <test-method status="PASS" signature="setupMethod(java.lang.reflect.Method, org.testng.ITestContext)[pri:0, instance:qaf.example.tests.SampleTest@5158b42f]" name="setupMethod" is-config="true" duration-ms="1" started-at="2020-05-02T14:08:02Z" finished-at="2020-05-02T14:08:02Z">
          <params>
            <param index="0">
              <value>
                <![CDATA[public void qaf.example.tests.SampleTest.testRecipeDropdownSearch()]]>
              </value>
            </param>
            <param index="1">
              <value>
                <![CDATA[org.testng.TestRunner@6236eb5f]]>
              </value>
            </param>
          </params>
          <reporter-output>
          </reporter-output>
        </test-method> <!-- setupMethod -->
        <test-method status="PASS" signature="testRecipeDropdownSearch()[pri:0, instance:qaf.example.tests.SampleTest@5158b42f]" name="testRecipeDropdownSearch" duration-ms="8577" started-at="2020-05-02T14:08:02Z" finished-at="2020-05-02T14:08:11Z">
          <reporter-output>
            <line>
              <![CDATA[<div style="display:block;margin-left:10px;"><div  class="teststeppass"><span class="teststeppass-label">T </span>get 'https://www.food.com/'</div><div  class="teststeppass"><span class="teststeppass-label">T </span>click on 'recipe.search'</div><div  class="teststeppass"><span class="teststeppass-label">T </span>click on 'dropdown.search'</div><div  class="teststeppass"><span class="teststeppass-label">T </span>click on 'trending.search'</div><div  class="teststeppass"><span class="teststeppass-label">T </span>assert 'trending_value.search' attribute 'innerHTML' value is 'Trending'</div><div style="display:block;margin-left:10px;"><div  class="pass"><span class="pass-label">P </span>Expected By.xpath: /html/body/div[3]/div[1]/div[3]/div[1]/div/label attribute should be Trending : Actual By.xpath: /html/body/div[3]/div[1]/div[3]/div[1]/div/label attribute is Trending <a href="img/TestRecipeDropdownSearch_1gm4xhkuuzk0x32499.png" target="_blank">[View Screenshot]</a> </div></div></div>]]>
            </line>
          </reporter-output>
        </test-method> <!-- testRecipeDropdownSearch -->
        <test-method status="PASS" signature="afterMethod(org.testng.ITestContext, org.testng.ITestResult)[pri:0, instance:qaf.example.tests.SampleTest@5158b42f]" name="afterMethod" is-config="true" duration-ms="0" started-at="2020-05-02T14:08:11Z" finished-at="2020-05-02T14:08:11Z">
          <params>
            <param index="0">
              <value>
                <![CDATA[org.testng.TestRunner@6236eb5f]]>
              </value>
            </param>
            <param index="1">
              <value>
                <![CDATA[[TestResult name=testRecipeDropdownSearch status=SUCCESS method=SampleTest.testRecipeDropdownSearch()[pri:0, instance:qaf.example.tests.SampleTest@5158b42f] output=<div style="display:block;margin-left:10px;"><div  class="teststeppass"><span class="teststeppass-label">T </span>get 'https://www.food.com/'</div><div  class="teststeppass"><span class="teststeppass-label">T </span>click on 'recipe.search'</div><div  class="teststeppass"><span class="teststeppass-label">T </span>click on 'dropdown.search'</div><div  class="teststeppass"><span class="teststeppass-label">T </span>click on 'trending.search'</div><div  class="teststeppass"><span class="teststeppass-label">T </span>assert 'trending_value.search' attribute 'innerHTML' value is 'Trending'</div><div style="display:block;margin-left:10px;"><div  class="pass"><span class="pass-label">P </span>Expected By.xpath: /html/body/div[3]/div[1]/div[3]/div[1]/div/label attribute should be Trending : Actual By.xpath: /html/body/div[3]/div[1]/div[3]/div[1]/div/label attribute is Trending <a href="img/TestRecipeDropdownSearch_1gm4xhkuuzk0x32499.png" target="_blank">[View Screenshot]</a> </div></div></div>]]]>
              </value>
            </param>
          </params>
          <reporter-output>
          </reporter-output>
        </test-method> <!-- afterMethod -->
        <test-method status="PASS" signature="testRecipeDaySearch()[pri:0, instance:qaf.example.tests.SampleTest@5158b42f]" name="testRecipeDaySearch" duration-ms="10110" started-at="2020-05-02T14:08:11Z" finished-at="2020-05-02T14:08:21Z">
          <reporter-output>
            <line>
              <![CDATA[<div style="display:block;margin-left:10px;"><div  class="teststeppass"><span class="teststeppass-label">T </span>get 'https://www.food.com/'</div><div  class="teststeppass"><span class="teststeppass-label">T </span>click on 'recipe.search'</div><div  class="teststeppass"><span class="teststeppass-label">T </span>assert 'recipe_day_main_page_title.search' attribute 'innerHTML' value is 'Mexican Meatball Soup'</div><div style="display:block;margin-left:10px;"><div  class="pass"><span class="pass-label">P </span>Expected By.xpath: /html/body/div[3]/div[1]/header/div[2]/div/div[1]/div/div[3]/div/h2/a attribute should be Mexican Meatball Soup : Actual By.xpath: /html/body/div[3]/div[1]/header/div[2]/div/div[1]/div/div[3]/div/h2/a attribute is Mexican Meatball Soup <a href="img/TestRecipeDaySearch_4af4glmnvhm632500.png" target="_blank">[View Screenshot]</a> </div></div><div  class="teststeppass"><span class="teststeppass-label">T </span>assert 'share.search' is not visible</div><div style="display:block;margin-left:10px;"><div  class="pass"><span class="pass-label">P </span>Expected By.xpath: /html/body/div[3]/div[1]/header/div[2]/div/div[1]/div/div[4]/a not visible : Actual By.xpath: /html/body/div[3]/div[1]/header/div[2]/div/div[1]/div/div[4]/a not visible <a href="img/TestRecipeDaySearch_19gmozz48athk32501.png" target="_blank">[View Screenshot]</a> </div></div><div  class="teststeppass"><span class="teststeppass-label">T </span>mouse move on 'mouse_over_recipe.search'</div><div  class="teststeppass"><span class="teststeppass-label">T </span>click on 'share.search'</div><div  class="teststeppass"><span class="teststeppass-label">T </span>click on 'share_close.search'</div><div  class="teststeppass"><span class="teststeppass-label">T </span>click on 'recipe_of_day.search'</div><div  class="teststeppass"><span class="teststeppass-label">T </span>assert 'recipe_day_title.search' attribute 'innerHTML' value is '70 Regional Mexican Foods to Make at Home'</div><div style="display:block;margin-left:10px;"><div  class="pass"><span class="pass-label">P </span>Expected By.xpath: /html/body/div[3]/div[1]/div[3]/article/header/div[1]/div/div[2]/h1 attribute should be 70 Regional Mexican Foods to Make at Home : Actual By.xpath: /html/body/div[3]/div[1]/div[3]/article/header/div[1]/div/div[2]/h1 attribute is 70 Regional Mexican Foods to Make at Home <a href="img/TestRecipeDaySearch_1lw4lfblwrxyd32502.png" target="_blank">[View Screenshot]</a> </div></div></div>]]>
            </line>
          </reporter-output>
        </test-method> <!-- testRecipeDaySearch -->
        <test-method status="PASS" signature="setupMethod(java.lang.reflect.Method, org.testng.ITestContext)[pri:0, instance:qaf.example.tests.SampleTest@5158b42f]" name="setupMethod" is-config="true" duration-ms="0" started-at="2020-05-02T14:08:11Z" finished-at="2020-05-02T14:08:11Z">
          <params>
            <param index="0">
              <value>
                <![CDATA[public void qaf.example.tests.SampleTest.testRecipeDaySearch()]]>
              </value>
            </param>
            <param index="1">
              <value>
                <![CDATA[org.testng.TestRunner@6236eb5f]]>
              </value>
            </param>
          </params>
          <reporter-output>
          </reporter-output>
        </test-method> <!-- setupMethod -->
        <test-method status="PASS" signature="afterMethod(org.testng.ITestContext, org.testng.ITestResult)[pri:0, instance:qaf.example.tests.SampleTest@5158b42f]" name="afterMethod" is-config="true" duration-ms="0" started-at="2020-05-02T14:08:21Z" finished-at="2020-05-02T14:08:21Z">
          <params>
            <param index="0">
              <value>
                <![CDATA[org.testng.TestRunner@6236eb5f]]>
              </value>
            </param>
            <param index="1">
              <value>
                <![CDATA[[TestResult name=testRecipeDaySearch status=SUCCESS method=SampleTest.testRecipeDaySearch()[pri:0, instance:qaf.example.tests.SampleTest@5158b42f] output=<div style="display:block;margin-left:10px;"><div  class="teststeppass"><span class="teststeppass-label">T </span>get 'https://www.food.com/'</div><div  class="teststeppass"><span class="teststeppass-label">T </span>click on 'recipe.search'</div><div  class="teststeppass"><span class="teststeppass-label">T </span>assert 'recipe_day_main_page_title.search' attribute 'innerHTML' value is 'Mexican Meatball Soup'</div><div style="display:block;margin-left:10px;"><div  class="pass"><span class="pass-label">P </span>Expected By.xpath: /html/body/div[3]/div[1]/header/div[2]/div/div[1]/div/div[3]/div/h2/a attribute should be Mexican Meatball Soup : Actual By.xpath: /html/body/div[3]/div[1]/header/div[2]/div/div[1]/div/div[3]/div/h2/a attribute is Mexican Meatball Soup <a href="img/TestRecipeDaySearch_4af4glmnvhm632500.png" target="_blank">[View Screenshot]</a> </div></div><div  class="teststeppass"><span class="teststeppass-label">T </span>assert 'share.search' is not visible</div><div style="display:block;margin-left:10px;"><div  class="pass"><span class="pass-label">P </span>Expected By.xpath: /html/body/div[3]/div[1]/header/div[2]/div/div[1]/div/div[4]/a not visible : Actual By.xpath: /html/body/div[3]/div[1]/header/div[2]/div/div[1]/div/div[4]/a not visible <a href="img/TestRecipeDaySearch_19gmozz48athk32501.png" target="_blank">[View Screenshot]</a> </div></div><div  class="teststeppass"><span class="teststeppass-label">T </span>mouse move on 'mouse_over_recipe.search'</div><div  class="teststeppass"><span class="teststeppass-label">T </span>click on 'share.search'</div><div  class="teststeppass"><span class="teststeppass-label">T </span>click on 'share_close.search'</div><div  class="teststeppass"><span class="teststeppass-label">T </span>click on 'recipe_of_day.search'</div><div  class="teststeppass"><span class="teststeppass-label">T </span>assert 'recipe_day_title.search' attribute 'innerHTML' value is '70 Regional Mexican Foods to Make at Home'</div><div style="display:block;margin-left:10px;"><div  class="pass"><span class="pass-label">P </span>Expected By.xpath: /html/body/div[3]/div[1]/div[3]/article/header/div[1]/div/div[2]/h1 attribute should be 70 Regional Mexican Foods to Make at Home : Actual By.xpath: /html/body/div[3]/div[1]/div[3]/article/header/div[1]/div/div[2]/h1 attribute is 70 Regional Mexican Foods to Make at Home <a href="img/TestRecipeDaySearch_1lw4lfblwrxyd32502.png" target="_blank">[View Screenshot]</a> </div></div></div>]]]>
              </value>
            </param>
          </params>
          <reporter-output>
          </reporter-output>
        </test-method> <!-- afterMethod -->
        <test-method status="PASS" signature="afterClass(org.testng.ITestContext)[pri:0, instance:qaf.example.tests.SampleTest@5158b42f]" name="afterClass" is-config="true" duration-ms="0" started-at="2020-05-02T14:08:21Z" finished-at="2020-05-02T14:08:21Z">
          <params>
            <param index="0">
              <value>
                <![CDATA[org.testng.TestRunner@6236eb5f]]>
              </value>
            </param>
          </params>
          <reporter-output>
          </reporter-output>
        </test-method> <!-- afterClass -->
        <test-method status="PASS" signature="afterTest(org.testng.ITestContext)[pri:0, instance:qaf.example.tests.SampleTest@5158b42f]" name="afterTest" is-config="true" duration-ms="80" started-at="2020-05-02T14:08:21Z" finished-at="2020-05-02T14:08:21Z">
          <params>
            <param index="0">
              <value>
                <![CDATA[org.testng.TestRunner@6236eb5f]]>
              </value>
            </param>
          </params>
          <reporter-output>
          </reporter-output>
        </test-method> <!-- afterTest -->
        <test-method status="PASS" signature="afterSuit(org.testng.ITestContext)[pri:0, instance:qaf.example.tests.SampleTest@5158b42f]" name="afterSuit" is-config="true" duration-ms="1" started-at="2020-05-02T14:08:21Z" finished-at="2020-05-02T14:08:21Z">
          <params>
            <param index="0">
              <value>
                <![CDATA[org.testng.TestRunner@6236eb5f]]>
              </value>
            </param>
          </params>
          <reporter-output>
          </reporter-output>
        </test-method> <!-- afterSuit -->
      </class> <!-- qaf.example.tests.SampleTest -->
    </test> <!-- Default test -->
  </suite> <!-- Default suite -->
</testng-results>
